0 info it worked if it ends with ok
1 verbose cli [ '/home/akashdeep/.nvm/v0.10.36/bin/node',
1 verbose cli   '/home/akashdeep/.nvm/v0.10.36/bin/npm',
1 verbose cli   'init' ]
2 info using npm@1.4.28
3 info using node@v0.10.36
4 verbose config Skipping project config: /home/akashdeep/.npmrc. (matches userconfig)
5 silly package data undefined
6 info init written successfully
7 error Error: Invalid name: "Package Hunt"
7 error     at ensureValidName (/home/akashdeep/.nvm/v0.10.36/lib/node_modules/npm/node_modules/read-package-json/node_modules/normalize-package-data/lib/fixer.js:315:15)
7 error     at Object.module.exports.fixNameField (/home/akashdeep/.nvm/v0.10.36/lib/node_modules/npm/node_modules/read-package-json/node_modules/normalize-package-data/lib/fixer.js:204:5)
7 error     at /home/akashdeep/.nvm/v0.10.36/lib/node_modules/npm/node_modules/read-package-json/node_modules/normalize-package-data/lib/normalize.js:30:38
7 error     at Array.forEach (native)
7 error     at normalize (/home/akashdeep/.nvm/v0.10.36/lib/node_modules/npm/node_modules/read-package-json/node_modules/normalize-package-data/lib/normalize.js:29:15)
7 error     at final (/home/akashdeep/.nvm/v0.10.36/lib/node_modules/npm/node_modules/read-package-json/read-json.js:342:33)
7 error     at then (/home/akashdeep/.nvm/v0.10.36/lib/node_modules/npm/node_modules/read-package-json/read-json.js:126:33)
7 error     at /home/akashdeep/.nvm/v0.10.36/lib/node_modules/npm/node_modules/read-package-json/read-json.js:331:40
7 error     at evalmachine.<anonymous>:272:14
7 error     at /home/akashdeep/.nvm/v0.10.36/lib/node_modules/npm/node_modules/graceful-fs/graceful-fs.js:102:5
8 error If you need help, you may report this *entire* log,
8 error including the npm and node versions, at:
8 error     <http://github.com/npm/npm/issues>
9 error System Linux 3.13.0-53-generic
10 error command "/home/akashdeep/.nvm/v0.10.36/bin/node" "/home/akashdeep/.nvm/v0.10.36/bin/npm" "init"
11 error cwd /home/akashdeep/Projects/packagehunt
12 error node -v v0.10.36
13 error npm -v 1.4.28
14 verbose exit [ 1, true ]
